<?xml version="1.0" encoding="UTF-8"?>
<testsuite name="com.example.fabrikam.TodoDemo.TodoDemoApplicationTests" time="0" tests="1" errors="0" skipped="1" failures="0">
  <properties>
    <property name="java.runtime.name" value="OpenJDK Runtime Environment"/>
    <property name="java.vm.version" value="10.0.2+13-Ubuntu-1ubuntu0.18.04.4"/>
    <property name="sun.boot.library.path" value="/usr/lib/jvm/java-11-openjdk-amd64/lib"/>
    <property name="maven.multiModuleProjectDirectory" value="/home/vagrant/devops-mysql-spring-boot-sample"/>
    <property name="java.vm.vendor" value="Oracle Corporation"/>
    <property name="java.vendor.url" value="http://java.oracle.com/"/>
    <property name="guice.disable.misplaced.annotation.check" value="true"/>
    <property name="path.separator" value=":"/>
    <property name="java.vm.name" value="OpenJDK 64-Bit Server VM"/>
    <property name="file.encoding.pkg" value="sun.io"/>
    <property name="sun.os.patch.level" value="unknown"/>
    <property name="sun.java.launcher" value="SUN_STANDARD"/>
    <property name="java.vm.specification.name" value="Java Virtual Machine Specification"/>
    <property name="user.dir" value="/home/vagrant/devops-mysql-spring-boot-sample"/>
    <property name="java.vm.compressedOopsMode" value="32-bit"/>
    <property name="java.runtime.version" value="10.0.2+13-Ubuntu-1ubuntu0.18.04.4"/>
    <property name="java.awt.graphicsenv" value="sun.awt.X11GraphicsEnvironment"/>
    <property name="os.arch" value="amd64"/>
    <property name="java.io.tmpdir" value="/tmp"/>
    <property name="line.separator" value="&#10;"/>
    <property name="java.vm.specification.vendor" value="Oracle Corporation"/>
    <property name="os.name" value="Linux"/>
    <property name="classworlds.conf" value="/usr/share/maven/bin/m2.conf"/>
    <property name="sun.jnu.encoding" value="UTF-8"/>
    <property name="java.library.path" value="/usr/java/packages/lib:/usr/lib/x86_64-linux-gnu/jni:/lib/x86_64-linux-gnu:/usr/lib/x86_64-linux-gnu:/usr/lib/jni:/lib:/usr/lib"/>
    <property name="maven.conf" value="/usr/share/maven/conf"/>
    <property name="jdk.debug" value="release"/>
    <property name="java.class.version" value="54.0"/>
    <property name="java.specification.name" value="Java Platform API Specification"/>
    <property name="sun.management.compiler" value="HotSpot 64-Bit Tiered Compilers"/>
    <property name="os.version" value="4.15.0-45-generic"/>
    <property name="library.jansi.path" value="/usr/share/maven/lib/jansi-native"/>
    <property name="user.home" value="/home/vagrant"/>
    <property name="user.timezone" value="Etc/UTC"/>
    <property name="java.awt.printerjob" value="sun.print.PSPrinterJob"/>
    <property name="file.encoding" value="UTF-8"/>
    <property name="java.specification.version" value="10"/>
    <property name="user.name" value="vagrant"/>
    <property name="java.class.path" value="/usr/share/maven/boot/plexus-classworlds-2.x.jar"/>
    <property name="java.vm.specification.version" value="10"/>
    <property name="sun.arch.data.model" value="64"/>
    <property name="sun.java.command" value="org.codehaus.plexus.classworlds.launcher.Launcher package"/>
    <property name="java.home" value="/usr/lib/jvm/java-11-openjdk-amd64"/>
    <property name="user.language" value="en"/>
    <property name="java.specification.vendor" value="Oracle Corporation"/>
    <property name="awt.toolkit" value="sun.awt.X11.XToolkit"/>
    <property name="java.vm.info" value="mixed mode"/>
    <property name="java.version" value="10.0.2"/>
    <property name="securerandom.source" value="file:/dev/./urandom"/>
    <property name="java.vendor" value="Oracle Corporation"/>
    <property name="maven.home" value="/usr/share/maven"/>
    <property name="file.separator" value="/"/>
    <property name="java.version.date" value="2018-07-17"/>
    <property name="java.vendor.url.bug" value="http://bugreport.java.com/bugreport/"/>
    <property name="sun.io.unicode.encoding" value="UnicodeLittle"/>
    <property name="sun.cpu.endian" value="little"/>
    <property name="sun.cpu.isalist" value=""/>
  </properties>
  <testcase name="contextLoads" classname="com.example.fabrikam.TodoDemo.TodoDemoApplicationTests" time="0">
    <skipped/>
    <system-out><![CDATA[21:16:17.754 [main] DEBUG org.springframework.test.context.junit4.SpringJUnit4ClassRunner - SpringJUnit4ClassRunner constructor called with [class com.example.fabrikam.TodoDemo.TodoDemoApplicationTests]
21:16:17.772 [main] DEBUG org.springframework.test.context.BootstrapUtils - Instantiating CacheAwareContextLoaderDelegate from class [org.springframework.test.context.cache.DefaultCacheAwareContextLoaderDelegate]
21:16:17.799 [main] DEBUG org.springframework.test.context.BootstrapUtils - Instantiating BootstrapContext using constructor [public org.springframework.test.context.support.DefaultBootstrapContext(java.lang.Class,org.springframework.test.context.CacheAwareContextLoaderDelegate)]
21:16:17.832 [main] DEBUG org.springframework.test.context.BootstrapUtils - Instantiating TestContextBootstrapper for test class [com.example.fabrikam.TodoDemo.TodoDemoApplicationTests] from class [org.springframework.boot.test.context.SpringBootTestContextBootstrapper]
21:16:17.850 [main] INFO org.springframework.boot.test.context.SpringBootTestContextBootstrapper - Neither @ContextConfiguration nor @ContextHierarchy found for test class [com.example.fabrikam.TodoDemo.TodoDemoApplicationTests], using SpringBootContextLoader
21:16:17.856 [main] DEBUG org.springframework.test.context.support.AbstractContextLoader - Did not detect default resource location for test class [com.example.fabrikam.TodoDemo.TodoDemoApplicationTests]: class path resource [com/example/fabrikam/TodoDemo/TodoDemoApplicationTests-context.xml] does not exist
21:16:17.858 [main] DEBUG org.springframework.test.context.support.AbstractContextLoader - Did not detect default resource location for test class [com.example.fabrikam.TodoDemo.TodoDemoApplicationTests]: class path resource [com/example/fabrikam/TodoDemo/TodoDemoApplicationTestsContext.groovy] does not exist
21:16:17.858 [main] INFO org.springframework.test.context.support.AbstractContextLoader - Could not detect default resource locations for test class [com.example.fabrikam.TodoDemo.TodoDemoApplicationTests]: no resource found for suffixes {-context.xml, Context.groovy}.
21:16:17.859 [main] INFO org.springframework.test.context.support.AnnotationConfigContextLoaderUtils - Could not detect default configuration classes for test class [com.example.fabrikam.TodoDemo.TodoDemoApplicationTests]: TodoDemoApplicationTests does not declare any static, non-private, non-final, nested classes annotated with @Configuration.
21:16:17.910 [main] DEBUG org.springframework.test.context.support.ActiveProfilesUtils - Could not find an 'annotation declaring class' for annotation type [org.springframework.test.context.ActiveProfiles] and class [com.example.fabrikam.TodoDemo.TodoDemoApplicationTests]
21:16:17.940 [main] DEBUG org.springframework.core.env.StandardEnvironment - Adding [systemProperties] PropertySource with lowest search precedence
21:16:17.942 [main] DEBUG org.springframework.core.env.StandardEnvironment - Adding [systemEnvironment] PropertySource with lowest search precedence
21:16:17.943 [main] DEBUG org.springframework.core.env.StandardEnvironment - Initialized StandardEnvironment with PropertySources [systemProperties,systemEnvironment]
21:16:17.958 [main] DEBUG org.springframework.core.io.support.PathMatchingResourcePatternResolver - Resolved classpath location [com/example/fabrikam/TodoDemo/] to resources [URL [file:/home/vagrant/devops-mysql-spring-boot-sample/target/test-classes/com/example/fabrikam/TodoDemo/], URL [file:/home/vagrant/devops-mysql-spring-boot-sample/target/classes/com/example/fabrikam/TodoDemo/]]
21:16:17.960 [main] DEBUG org.springframework.core.io.support.PathMatchingResourcePatternResolver - Looking for matching resources in directory tree [/home/vagrant/devops-mysql-spring-boot-sample/target/test-classes/com/example/fabrikam/TodoDemo]
21:16:17.960 [main] DEBUG org.springframework.core.io.support.PathMatchingResourcePatternResolver - Searching directory [/home/vagrant/devops-mysql-spring-boot-sample/target/test-classes/com/example/fabrikam/TodoDemo] for files matching pattern [/home/vagrant/devops-mysql-spring-boot-sample/target/test-classes/com/example/fabrikam/TodoDemo/*.class]
21:16:17.966 [main] DEBUG org.springframework.core.io.support.PathMatchingResourcePatternResolver - Looking for matching resources in directory tree [/home/vagrant/devops-mysql-spring-boot-sample/target/classes/com/example/fabrikam/TodoDemo]
21:16:17.966 [main] DEBUG org.springframework.core.io.support.PathMatchingResourcePatternResolver - Searching directory [/home/vagrant/devops-mysql-spring-boot-sample/target/classes/com/example/fabrikam/TodoDemo] for files matching pattern [/home/vagrant/devops-mysql-spring-boot-sample/target/classes/com/example/fabrikam/TodoDemo/*.class]
21:16:17.969 [main] DEBUG org.springframework.core.io.support.PathMatchingResourcePatternResolver - Resolved location pattern [classpath*:com/example/fabrikam/TodoDemo/*.class] to resources [file [/home/vagrant/devops-mysql-spring-boot-sample/target/test-classes/com/example/fabrikam/TodoDemo/TodoDemoApplicationTests.class], file [/home/vagrant/devops-mysql-spring-boot-sample/target/classes/com/example/fabrikam/TodoDemo/TodoDemoApplication.class], file [/home/vagrant/devops-mysql-spring-boot-sample/target/classes/com/example/fabrikam/TodoDemo/TodoDemoController.class], file [/home/vagrant/devops-mysql-spring-boot-sample/target/classes/com/example/fabrikam/TodoDemo/TodoItem.class], file [/home/vagrant/devops-mysql-spring-boot-sample/target/classes/com/example/fabrikam/TodoDemo/TodoItemRepository.class], file [/home/vagrant/devops-mysql-spring-boot-sample/target/classes/com/example/fabrikam/TodoDemo/TodoListViewModel.class]]
21:16:18.027 [main] DEBUG org.springframework.context.annotation.ClassPathScanningCandidateComponentProvider - Identified candidate component class: file [/home/vagrant/devops-mysql-spring-boot-sample/target/classes/com/example/fabrikam/TodoDemo/TodoDemoApplication.class]
21:16:18.042 [main] INFO org.springframework.boot.test.context.SpringBootTestContextBootstrapper - Found @SpringBootConfiguration com.example.fabrikam.TodoDemo.TodoDemoApplication for test class com.example.fabrikam.TodoDemo.TodoDemoApplicationTests
21:16:18.048 [main] DEBUG org.springframework.boot.test.context.SpringBootTestContextBootstrapper - @TestExecutionListeners is not present for class [com.example.fabrikam.TodoDemo.TodoDemoApplicationTests]: using defaults.
21:16:18.056 [main] INFO org.springframework.boot.test.context.SpringBootTestContextBootstrapper - Loaded default TestExecutionListener class names from location [META-INF/spring.factories]: [org.springframework.boot.test.mock.mockito.MockitoTestExecutionListener, org.springframework.boot.test.mock.mockito.ResetMocksTestExecutionListener, org.springframework.boot.test.autoconfigure.restdocs.RestDocsTestExecutionListener, org.springframework.boot.test.autoconfigure.web.client.MockRestServiceServerResetTestExecutionListener, org.springframework.boot.test.autoconfigure.web.servlet.MockMvcPrintOnlyOnFailureTestExecutionListener, org.springframework.boot.test.autoconfigure.web.servlet.WebDriverTestExecutionListener, org.springframework.test.context.web.ServletTestExecutionListener, org.springframework.test.context.support.DirtiesContextBeforeModesTestExecutionListener, org.springframework.test.context.support.DependencyInjectionTestExecutionListener, org.springframework.test.context.support.DirtiesContextTestExecutionListener, org.springframework.test.context.transaction.TransactionalTestExecutionListener, org.springframework.test.context.jdbc.SqlScriptsTestExecutionListener]
21:16:18.085 [main] INFO org.springframework.boot.test.context.SpringBootTestContextBootstrapper - Using TestExecutionListeners: [org.springframework.test.context.web.ServletTestExecutionListener@1530c739, org.springframework.test.context.support.DirtiesContextBeforeModesTestExecutionListener@5b1669c0, org.springframework.boot.test.autoconfigure.SpringBootDependencyInjectionTestExecutionListener@78e4deb0, org.springframework.test.context.support.DirtiesContextTestExecutionListener@6e9175d8, org.springframework.test.context.transaction.TransactionalTestExecutionListener@7d0b7e3c, org.springframework.test.context.jdbc.SqlScriptsTestExecutionListener@15bb5034, org.springframework.boot.test.autoconfigure.web.servlet.WebDriverTestExecutionListener@4b741d6d, org.springframework.boot.test.autoconfigure.restdocs.RestDocsTestExecutionListener@2eae8e6e, org.springframework.boot.test.mock.mockito.MockitoTestExecutionListener@8f2ef19, org.springframework.boot.test.autoconfigure.web.client.MockRestServiceServerResetTestExecutionListener@470734c3, org.springframework.boot.test.mock.mockito.ResetMocksTestExecutionListener@2cf3d63b, org.springframework.boot.test.autoconfigure.web.servlet.MockMvcPrintOnlyOnFailureTestExecutionListener@7674f035]
21:16:18.091 [main] DEBUG org.springframework.test.annotation.ProfileValueUtils - Retrieved @ProfileValueSourceConfiguration [null] for test class [com.example.fabrikam.TodoDemo.TodoDemoApplicationTests]
21:16:18.092 [main] DEBUG org.springframework.test.annotation.ProfileValueUtils - Retrieved ProfileValueSource type [class org.springframework.test.annotation.SystemProfileValueSource] for class [com.example.fabrikam.TodoDemo.TodoDemoApplicationTests]
21:16:18.100 [main] DEBUG org.springframework.test.context.junit4.SpringJUnit4ClassRunner - SpringJUnit4ClassRunner constructor called with [class com.example.fabrikam.TodoDemo.TodoDemoApplicationTests]
21:16:18.101 [main] DEBUG org.springframework.test.context.BootstrapUtils - Instantiating CacheAwareContextLoaderDelegate from class [org.springframework.test.context.cache.DefaultCacheAwareContextLoaderDelegate]
21:16:18.102 [main] DEBUG org.springframework.test.context.BootstrapUtils - Instantiating BootstrapContext using constructor [public org.springframework.test.context.support.DefaultBootstrapContext(java.lang.Class,org.springframework.test.context.CacheAwareContextLoaderDelegate)]
21:16:18.104 [main] DEBUG org.springframework.test.context.BootstrapUtils - Instantiating TestContextBootstrapper for test class [com.example.fabrikam.TodoDemo.TodoDemoApplicationTests] from class [org.springframework.boot.test.context.SpringBootTestContextBootstrapper]
21:16:18.106 [main] INFO org.springframework.boot.test.context.SpringBootTestContextBootstrapper - Neither @ContextConfiguration nor @ContextHierarchy found for test class [com.example.fabrikam.TodoDemo.TodoDemoApplicationTests], using SpringBootContextLoader
21:16:18.107 [main] DEBUG org.springframework.test.context.support.AbstractContextLoader - Did not detect default resource location for test class [com.example.fabrikam.TodoDemo.TodoDemoApplicationTests]: class path resource [com/example/fabrikam/TodoDemo/TodoDemoApplicationTests-context.xml] does not exist
21:16:18.109 [main] DEBUG org.springframework.test.context.support.AbstractContextLoader - Did not detect default resource location for test class [com.example.fabrikam.TodoDemo.TodoDemoApplicationTests]: class path resource [com/example/fabrikam/TodoDemo/TodoDemoApplicationTestsContext.groovy] does not exist
21:16:18.110 [main] INFO org.springframework.test.context.support.AbstractContextLoader - Could not detect default resource locations for test class [com.example.fabrikam.TodoDemo.TodoDemoApplicationTests]: no resource found for suffixes {-context.xml, Context.groovy}.
21:16:18.111 [main] INFO org.springframework.test.context.support.AnnotationConfigContextLoaderUtils - Could not detect default configuration classes for test class [com.example.fabrikam.TodoDemo.TodoDemoApplicationTests]: TodoDemoApplicationTests does not declare any static, non-private, non-final, nested classes annotated with @Configuration.
21:16:18.121 [main] DEBUG org.springframework.test.context.support.ActiveProfilesUtils - Could not find an 'annotation declaring class' for annotation type [org.springframework.test.context.ActiveProfiles] and class [com.example.fabrikam.TodoDemo.TodoDemoApplicationTests]
21:16:18.123 [main] DEBUG org.springframework.core.env.StandardEnvironment - Adding [systemProperties] PropertySource with lowest search precedence
21:16:18.124 [main] DEBUG org.springframework.core.env.StandardEnvironment - Adding [systemEnvironment] PropertySource with lowest search precedence
21:16:18.125 [main] DEBUG org.springframework.core.env.StandardEnvironment - Initialized StandardEnvironment with PropertySources [systemProperties,systemEnvironment]
21:16:18.126 [main] INFO org.springframework.boot.test.context.SpringBootTestContextBootstrapper - Found @SpringBootConfiguration com.example.fabrikam.TodoDemo.TodoDemoApplication for test class com.example.fabrikam.TodoDemo.TodoDemoApplicationTests
21:16:18.131 [main] DEBUG org.springframework.boot.test.context.SpringBootTestContextBootstrapper - @TestExecutionListeners is not present for class [com.example.fabrikam.TodoDemo.TodoDemoApplicationTests]: using defaults.
21:16:18.138 [main] INFO org.springframework.boot.test.context.SpringBootTestContextBootstrapper - Loaded default TestExecutionListener class names from location [META-INF/spring.factories]: [org.springframework.boot.test.mock.mockito.MockitoTestExecutionListener, org.springframework.boot.test.mock.mockito.ResetMocksTestExecutionListener, org.springframework.boot.test.autoconfigure.restdocs.RestDocsTestExecutionListener, org.springframework.boot.test.autoconfigure.web.client.MockRestServiceServerResetTestExecutionListener, org.springframework.boot.test.autoconfigure.web.servlet.MockMvcPrintOnlyOnFailureTestExecutionListener, org.springframework.boot.test.autoconfigure.web.servlet.WebDriverTestExecutionListener, org.springframework.test.context.web.ServletTestExecutionListener, org.springframework.test.context.support.DirtiesContextBeforeModesTestExecutionListener, org.springframework.test.context.support.DependencyInjectionTestExecutionListener, org.springframework.test.context.support.DirtiesContextTestExecutionListener, org.springframework.test.context.transaction.TransactionalTestExecutionListener, org.springframework.test.context.jdbc.SqlScriptsTestExecutionListener]
21:16:18.145 [main] INFO org.springframework.boot.test.context.SpringBootTestContextBootstrapper - Using TestExecutionListeners: [org.springframework.test.context.web.ServletTestExecutionListener@3f4faf53, org.springframework.test.context.support.DirtiesContextBeforeModesTestExecutionListener@7fd50002, org.springframework.boot.test.autoconfigure.SpringBootDependencyInjectionTestExecutionListener@533bda92, org.springframework.test.context.support.DirtiesContextTestExecutionListener@304bb45b, org.springframework.test.context.transaction.TransactionalTestExecutionListener@723ca036, org.springframework.test.context.jdbc.SqlScriptsTestExecutionListener@25be7b63, org.springframework.boot.test.autoconfigure.web.servlet.WebDriverTestExecutionListener@28dcca0c, org.springframework.boot.test.autoconfigure.restdocs.RestDocsTestExecutionListener@45d84a20, org.springframework.boot.test.mock.mockito.MockitoTestExecutionListener@52f27fbd, org.springframework.boot.test.autoconfigure.web.client.MockRestServiceServerResetTestExecutionListener@4c163e3, org.springframework.boot.test.mock.mockito.ResetMocksTestExecutionListener@4a8355dd, org.springframework.boot.test.autoconfigure.web.servlet.MockMvcPrintOnlyOnFailureTestExecutionListener@4d0d9fe7]
21:16:18.147 [main] DEBUG org.springframework.test.annotation.ProfileValueUtils - Retrieved @ProfileValueSourceConfiguration [null] for test class [com.example.fabrikam.TodoDemo.TodoDemoApplicationTests]
21:16:18.149 [main] DEBUG org.springframework.test.annotation.ProfileValueUtils - Retrieved ProfileValueSource type [class org.springframework.test.annotation.SystemProfileValueSource] for class [com.example.fabrikam.TodoDemo.TodoDemoApplicationTests]
21:16:18.150 [main] DEBUG org.springframework.test.annotation.ProfileValueUtils - Retrieved @ProfileValueSourceConfiguration [null] for test class [com.example.fabrikam.TodoDemo.TodoDemoApplicationTests]
21:16:18.151 [main] DEBUG org.springframework.test.annotation.ProfileValueUtils - Retrieved ProfileValueSource type [class org.springframework.test.annotation.SystemProfileValueSource] for class [com.example.fabrikam.TodoDemo.TodoDemoApplicationTests]
]]></system-out>
  </testcase>
</testsuite>